{"meta": {"version": "5.5", "timestamp": "2022-04-18T23:54:46.173205", "branch_coverage": false, "show_contexts": false}, "files": {"src/collective/__init__.py": {"executed_lines": [2], "summary": {"covered_lines": 1, "num_statements": 1, "percent_covered": 100.0, "missing_lines": 0, "excluded_lines": 0}, "missing_lines": [], "excluded_lines": []}, "src/collective/volto/__init__.py": {"executed_lines": [2], "summary": {"covered_lines": 1, "num_statements": 1, "percent_covered": 100.0, "missing_lines": 0, "excluded_lines": 0}, "missing_lines": [], "excluded_lines": []}, "src/collective/volto/formsupport/__init__.py": {"executed_lines": [2, 3, 6], "summary": {"covered_lines": 3, "num_statements": 3, "percent_covered": 100.0, "missing_lines": 0, "excluded_lines": 0}, "missing_lines": [], "excluded_lines": []}, "src/collective/volto/formsupport/browser/__init__.py": {"executed_lines": [1], "summary": {"covered_lines": 0, "num_statements": 0, "percent_covered": 100.0, "missing_lines": 0, "excluded_lines": 0}, "missing_lines": [], "excluded_lines": []}, "src/collective/volto/formsupport/captcha/__init__.py": {"executed_lines": [1, 2, 3, 4, 6], "summary": {"covered_lines": 5, "num_statements": 6, "percent_covered": 83.33333333333333, "missing_lines": 1, "excluded_lines": 0}, "missing_lines": [10], "excluded_lines": []}, "src/collective/volto/formsupport/captcha/hcaptcha.py": {"executed_lines": [1, 2, 3, 4, 7, 8, 9, 10, 13, 14, 15, 16, 17, 19, 20, 25, 30, 31, 36, 37, 43, 44, 45, 46, 47, 48, 49], "summary": {"covered_lines": 27, "num_statements": 29, "percent_covered": 93.10344827586206, "missing_lines": 2, "excluded_lines": 0}, "missing_lines": [21, 32], "excluded_lines": []}, "src/collective/volto/formsupport/captcha/recaptcha.py": {"executed_lines": [1, 2, 3, 4, 5, 6, 7, 8, 11, 12, 13, 14, 15, 17, 18, 23, 28, 29, 30, 34, 35, 41, 42, 43, 44, 45, 46, 47], "summary": {"covered_lines": 28, "num_statements": 29, "percent_covered": 96.55172413793103, "missing_lines": 1, "excluded_lines": 0}, "missing_lines": [19], "excluded_lines": []}, "src/collective/volto/formsupport/datamanager/__init__.py": {"executed_lines": [1], "summary": {"covered_lines": 0, "num_statements": 0, "percent_covered": 100.0, "missing_lines": 0, "excluded_lines": 0}, "missing_lines": [], "excluded_lines": []}, "src/collective/volto/formsupport/datamanager/catalog.py": {"executed_lines": [2, 3, 4, 5, 6, 7, 8, 9, 10, 11, 12, 13, 14, 15, 16, 17, 20, 22, 25, 26, 27, 29, 30, 31, 32, 35, 36, 37, 38, 39, 40, 42, 43, 44, 46, 47, 48, 49, 51, 53, 54, 55, 57, 58, 59, 61, 62, 63, 64, 66, 68, 69, 70, 71, 76, 78, 79, 81, 82, 83, 84, 85, 86, 87, 92, 93, 94, 96, 99, 100, 101, 106, 108, 112, 113], "summary": {"covered_lines": 75, "num_statements": 82, "percent_covered": 91.46341463414635, "missing_lines": 7, "excluded_lines": 0}, "missing_lines": [50, 56, 60, 65, 97, 109, 110], "excluded_lines": []}, "src/collective/volto/formsupport/interfaces.py": {"executed_lines": [2, 3, 6, 7, 10, 11, 18, 23, 29, 30, 35, 36, 39], "summary": {"covered_lines": 11, "num_statements": 11, "percent_covered": 100.0, "missing_lines": 0, "excluded_lines": 0}, "missing_lines": [], "excluded_lines": []}, "src/collective/volto/formsupport/restapi/__init__.py": {"executed_lines": [1], "summary": {"covered_lines": 0, "num_statements": 0, "percent_covered": 100.0, "missing_lines": 0, "excluded_lines": 0}, "missing_lines": [], "excluded_lines": []}, "src/collective/volto/formsupport/restapi/serializer/__init__.py": {"executed_lines": [1], "summary": {"covered_lines": 0, "num_statements": 0, "percent_covered": 100.0, "missing_lines": 0, "excluded_lines": 0}, "missing_lines": [], "excluded_lines": []}, "src/collective/volto/formsupport/restapi/serializer/blocks.py": {"executed_lines": [2, 3, 4, 5, 6, 7, 8, 9, 10, 13, 14, 16, 17, 19, 20, 21, 23, 29, 30, 35, 36, 37, 40, 41, 42, 43, 46, 47, 48, 49], "summary": {"covered_lines": 27, "num_statements": 27, "percent_covered": 100.0, "missing_lines": 0, "excluded_lines": 0}, "missing_lines": [], "excluded_lines": []}, "src/collective/volto/formsupport/restapi/services/__init__.py": {"executed_lines": [1], "summary": {"covered_lines": 0, "num_statements": 0, "percent_covered": 100.0, "missing_lines": 0, "excluded_lines": 0}, "missing_lines": [], "excluded_lines": []}, "src/collective/volto/formsupport/restapi/services/form_data/__init__.py": {"executed_lines": [1], "summary": {"covered_lines": 0, "num_statements": 0, "percent_covered": 100.0, "missing_lines": 0, "excluded_lines": 0}, "missing_lines": [], "excluded_lines": []}, "src/collective/volto/formsupport/restapi/services/form_data/clear.py": {"executed_lines": [2, 3, 4, 5, 6, 9, 10, 11, 12, 13, 15], "summary": {"covered_lines": 11, "num_statements": 11, "percent_covered": 100.0, "missing_lines": 0, "excluded_lines": 0}, "missing_lines": [], "excluded_lines": []}, "src/collective/volto/formsupport/restapi/services/form_data/csv.py": {"executed_lines": [2, 3, 4, 5, 6, 8, 9, 12, 14, 15, 17, 21, 22, 23, 24, 25, 27, 28, 29, 30, 31, 33, 34, 35, 36, 37, 38, 39, 40, 41, 42, 43, 44, 45, 46, 47, 48, 49, 50], "summary": {"covered_lines": 39, "num_statements": 39, "percent_covered": 100.0, "missing_lines": 0, "excluded_lines": 0}, "missing_lines": [], "excluded_lines": []}, "src/collective/volto/formsupport/restapi/services/form_data/form_data.py": {"executed_lines": [2, 3, 4, 5, 6, 7, 8, 9, 10, 12, 13, 16, 17, 18, 19, 20, 21, 23, 24, 25, 27, 30, 33, 34, 35, 36, 42, 43, 45, 46, 47, 48, 49, 51, 53, 54, 55, 56, 58, 59, 60, 61, 64, 65, 66, 67], "summary": {"covered_lines": 46, "num_statements": 49, "percent_covered": 93.87755102040816, "missing_lines": 3, "excluded_lines": 0}, "missing_lines": [31, 50, 52], "excluded_lines": []}, "src/collective/volto/formsupport/restapi/services/submit_form/__init__.py": {"executed_lines": [1], "summary": {"covered_lines": 0, "num_statements": 0, "percent_covered": 100.0, "missing_lines": 0, "excluded_lines": 0}, "missing_lines": [], "excluded_lines": []}, "src/collective/volto/formsupport/restapi/services/submit_form/post.py": {"executed_lines": [2, 3, 4, 5, 6, 7, 8, 9, 10, 11, 12, 13, 14, 15, 16, 17, 18, 19, 20, 21, 24, 25, 26, 27, 28, 31, 32, 33, 35, 36, 37, 38, 39, 41, 42, 44, 45, 48, 50, 52, 53, 54, 55, 57, 59, 63, 64, 70, 71, 85, 86, 96, 97, 107, 108, 114, 115, 116, 118, 119, 120, 121, 122, 123, 124, 125, 127, 139, 140, 141, 142, 143, 144, 145, 146, 147, 149, 151, 152, 153, 154, 155, 156, 157, 158, 159, 160, 161, 162, 164, 165, 166, 168, 169, 173, 174, 176, 177, 187, 188, 191, 194, 195, 196, 197, 198, 200, 201, 202, 203, 204, 205, 207, 209, 211, 213, 215, 216, 218, 219, 224, 229, 231, 235, 240, 246, 247, 248, 250, 251, 252, 253, 278, 279, 280, 281, 282], "summary": {"covered_lines": 137, "num_statements": 157, "percent_covered": 87.26114649681529, "missing_lines": 20, "excluded_lines": 0}, "missing_lines": [117, 163, 192, 254, 255, 256, 257, 258, 259, 260, 261, 262, 263, 264, 265, 266, 267, 268, 270, 271], "excluded_lines": []}, "src/collective/volto/formsupport/setuphandlers.py": {"executed_lines": [2, 3, 6, 7, 8, 10, 15, 20], "summary": {"covered_lines": 8, "num_statements": 8, "percent_covered": 100.0, "missing_lines": 0, "excluded_lines": 0}, "missing_lines": [], "excluded_lines": []}, "src/collective/volto/formsupport/upgrades.py": {"executed_lines": [2, 3, 4, 5, 6, 8, 9, 12, 13, 15, 16, 18, 20, 23], "summary": {"covered_lines": 13, "num_statements": 14, "percent_covered": 92.85714285714286, "missing_lines": 1, "excluded_lines": 49}, "missing_lines": [11], "excluded_lines": [23, 24, 26, 27, 28, 29, 30, 31, 32, 33, 34, 35, 36, 37, 38, 39, 42, 43, 44, 45, 46, 47, 50, 51, 52, 53, 54, 55, 56, 57, 58, 59, 60, 61, 62, 63, 64, 65, 66, 67, 68, 69, 70, 71, 72, 77, 78, 79, 80]}}, "totals": {"covered_lines": 432, "num_statements": 467, "percent_covered": 92.50535331905782, "missing_lines": 35, "excluded_lines": 49}}